<?xml version="1.0" encoding="UTF-8"?>
<testng-results skipped="0" failed="0" ignored="0" total="2" passed="2">
  <reporter-output>
  </reporter-output>
  <suite name="Default suite" duration-ms="47628" started-at="2022-02-03T11:26:11Z" finished-at="2022-02-03T11:26:59Z">
    <groups>
    </groups>
    <test name="Default test" duration-ms="47628" started-at="2022-02-03T11:26:11Z" finished-at="2022-02-03T11:26:59Z">
      <class name="com.Bill.TestCases.ImplementCases">
        <test-method status="PASS" signature="setExtent()[pri:0, instance:com.Bill.TestCases.ImplementCases@150c158]" name="setExtent" is-config="true" duration-ms="1194" started-at="2022-02-03T11:26:10Z" finished-at="2022-02-03T11:26:11Z">
          <reporter-output>
          </reporter-output>
        </test-method> <!-- setExtent -->
        <test-method status="PASS" signature="firstCase()[pri:0, instance:com.Bill.TestCases.ImplementCases@150c158]" name="firstCase" duration-ms="17864" started-at="2022-02-03T11:26:11Z" finished-at="2022-02-03T11:26:29Z">
          <reporter-output>
          </reporter-output>
        </test-method> <!-- firstCase -->
        <test-method status="PASS" signature="tearDown(org.testng.ITestResult)[pri:0, instance:com.Bill.TestCases.ImplementCases@150c158]" name="tearDown" is-config="true" duration-ms="12" started-at="2022-02-03T11:26:29Z" finished-at="2022-02-03T11:26:29Z">
          <params>
            <param index="0">
              <value>
                <![CDATA[[TestResult name=firstCase status=SUCCESS method=ImplementCases.firstCase()[pri:0, instance:com.Bill.TestCases.ImplementCases@150c158] output={null}]]]>
              </value>
            </param>
          </params>
          <reporter-output>
          </reporter-output>
        </test-method> <!-- tearDown -->
        <test-method status="PASS" signature="secondCase(com.Bill.DataDriven.Data_pojo)[pri:1, instance:com.Bill.TestCases.ImplementCases@150c158]" name="secondCase" duration-ms="27498" started-at="2022-02-03T11:26:31Z" data-provider="testdata" finished-at="2022-02-03T11:26:59Z">
          <params>
            <param index="0">
              <value>
                <![CDATA[com.Bill.DataDriven.Data_pojo@75699e35]]>
              </value>
            </param>
          </params>
          <reporter-output>
          </reporter-output>
        </test-method> <!-- secondCase -->
        <test-method status="PASS" signature="tearDown(org.testng.ITestResult)[pri:0, instance:com.Bill.TestCases.ImplementCases@150c158]" name="tearDown" is-config="true" duration-ms="5" started-at="2022-02-03T11:26:59Z" finished-at="2022-02-03T11:26:59Z">
          <params>
            <param index="0">
              <value>
                <![CDATA[[TestResult name=secondCase status=SUCCESS method=ImplementCases.secondCase(com.Bill.DataDriven.Data_pojo)[pri:1, instance:com.Bill.TestCases.ImplementCases@150c158] output={null}]]]>
              </value>
            </param>
          </params>
          <reporter-output>
          </reporter-output>
        </test-method> <!-- tearDown -->
        <test-method status="PASS" signature="endReport()[pri:0, instance:com.Bill.TestCases.ImplementCases@150c158]" name="endReport" is-config="true" duration-ms="2533" started-at="2022-02-03T11:26:59Z" finished-at="2022-02-03T11:27:01Z">
          <reporter-output>
          </reporter-output>
        </test-method> <!-- endReport -->
      </class> <!-- com.Bill.TestCases.ImplementCases -->
    </test> <!-- Default test -->
  </suite> <!-- Default suite -->
</testng-results>
